Tamaño	Time	Avr. OB	Min OB	Max OB
1	8.000000E-07	1	1	1
2	7.500000E-07	2	1	2
3	8.000000E-07	2	1	2
4	6.750000E-07	2	1	3
5	7.400000E-07	2	1	3
6	5.333333E-07	2	1	3
7	8.571429E-07	2	1	3
8	6.625000E-07	3	1	4
9	7.888889E-07	3	1	4
10	7.900000E-07	3	1	4
11	6.545455E-07	3	1	4
12	7.833333E-07	3	1	4
13	6.769231E-07	3	1	4
14	6.642857E-07	3	1	4
15	7.200000E-07	3	1	4
16	6.437500E-07	3	1	5
17	7.294118E-07	3	1	5
18	7.500000E-07	4	1	5
19	7.263158E-07	4	1	5
20	8.150000E-07	4	1	5
21	7.285714E-07	4	1	5
22	7.727273E-07	4	1	5
23	6.521739E-07	4	1	5
24	7.083333E-07	4	1	5
25	7.560000E-07	4	1	5
26	7.000000E-07	4	1	5
27	6.481481E-07	4	1	5
28	3.357143E-07	4	1	5
29	2.862069E-07	4	1	5
30	3.433333E-07	4	1	5
31	3.612903E-07	4	1	5
32	3.156250E-07	4	1	6
33	3.242424E-07	4	1	6
34	3.117647E-07	4	1	6
35	3.542857E-07	4	1	6
36	3.388889E-07	4	1	6
37	3.378378E-07	4	1	6
38	3.184211E-07	4	1	6
39	3.743590E-07	5	1	6
40	3.350000E-07	5	1	6
41	3.243902E-07	5	1	6
42	3.976190E-07	5	1	6
43	3.720930E-07	5	1	6
44	2.954545E-07	5	1	6
45	3.355556E-07	5	1	6
46	3.521739E-07	5	1	6
47	3.170213E-07	5	1	6
48	3.520833E-07	5	1	6
49	3.367347E-07	5	1	6
50	3.960000E-07	5	1	6
51	3.882353E-07	5	1	6
52	3.634615E-07	5	1	6
53	3.849057E-07	5	1	6
54	3.222222E-07	5	1	6
55	3.418182E-07	5	1	6
56	3.160714E-07	5	1	6
57	3.368421E-07	5	1	6
58	3.568966E-07	5	1	6
59	3.016949E-07	5	1	6
60	3.266667E-07	5	1	6
61	2.950820E-07	5	1	6
62	3.241935E-07	5	1	6
63	2.841270E-07	5	1	6
64	3.125000E-07	5	1	7
65	2.892308E-07	5	1	7
66	3.530303E-07	5	1	7
67	3.164179E-07	5	1	7
68	3.088235E-07	5	1	7
69	3.144928E-07	5	1	7
70	3.114286E-07	5	1	7
71	3.338028E-07	5	1	7
72	3.486111E-07	5	1	7
73	3.753425E-07	5	1	7
74	3.054054E-07	5	1	7
75	3.346667E-07	5	1	7
76	3.289474E-07	5	1	7
77	3.168831E-07	5	1	7
78	3.705128E-07	5	1	7
79	3.822785E-07	5	1	7
80	3.737500E-07	6	1	7
81	3.444444E-07	6	1	7
82	3.463415E-07	6	1	7
83	3.301205E-07	6	1	7
84	3.297619E-07	6	1	7
85	3.317647E-07	6	1	7
86	3.500000E-07	6	1	7
87	3.252874E-07	6	1	7
88	5.363636E-07	6	1	7
89	3.247191E-07	6	1	7
90	3.377778E-07	6	1	7
91	3.076923E-07	6	1	7
92	3.326087E-07	6	1	7
93	3.172043E-07	6	1	7
94	3.180851E-07	6	1	7
95	4.042105E-07	6	1	7
96	3.750000E-07	6	1	7
97	6.927835E-07	6	1	7
98	4.377551E-07	6	1	7
99	3.989899E-07	6	1	7
100	4.210000E-07	6	1	7
101	3.891089E-07	6	1	7
102	3.852941E-07	6	1	7
103	4.359223E-07	6	1	7
104	3.990385E-07	6	1	7
105	4.247619E-07	6	1	7
106	3.952830E-07	6	1	7
107	5.261682E-07	6	1	7
108	4.666667E-07	6	1	7
109	4.100917E-07	6	1	7
110	4.590909E-07	6	1	7
111	4.063063E-07	6	1	7
112	4.767857E-07	6	1	7
113	4.353982E-07	6	1	7
114	3.956140E-07	6	1	7
115	5.226087E-07	6	1	7
116	4.189655E-07	6	1	7
117	4.581197E-07	6	1	7
118	3.932203E-07	6	1	7
119	4.016807E-07	6	1	7
120	3.891667E-07	6	1	7
121	4.619835E-07	6	1	7
122	4.270492E-07	6	1	7
123	4.186992E-07	6	1	7
124	4.483871E-07	6	1	7
125	4.000000E-07	6	1	7
126	4.301587E-07	6	1	7
127	4.448819E-07	6	1	7
128	4.234375E-07	6	1	8
129	3.875969E-07	6	1	8
130	4.107692E-07	6	1	8
131	4.114504E-07	6	1	8
132	3.590909E-07	6	1	8
133	3.887218E-07	6	1	8
134	4.044776E-07	6	1	8
135	4.162963E-07	6	1	8
136	3.661765E-07	6	1	8
137	3.664234E-07	6	1	8
138	4.362319E-07	6	1	8
139	4.517986E-07	6	1	8
140	4.357143E-07	6	1	8
141	3.737589E-07	6	1	8
142	3.950704E-07	6	1	8
143	4.349650E-07	6	1	8
144	4.131944E-07	6	1	8
145	4.103448E-07	6	1	8
146	4.226027E-07	6	1	8
147	3.782313E-07	6	1	8
148	3.945946E-07	6	1	8
149	3.986577E-07	6	1	8
150	3.773333E-07	6	1	8
151	3.953642E-07	6	1	8
152	4.282895E-07	6	1	8
153	4.000000E-07	6	1	8
154	3.980519E-07	6	1	8
155	4.638710E-07	6	1	8
156	4.532051E-07	6	1	8
157	3.560510E-07	6	1	8
158	3.234177E-07	6	1	8
159	3.610063E-07	6	1	8
160	3.443750E-07	6	1	8
161	4.149068E-07	6	1	8
162	3.685185E-07	6	1	8
163	3.957055E-07	6	1	8
164	3.432927E-07	6	1	8
165	3.484848E-07	7	1	8
166	4.000000E-07	7	1	8
167	4.053892E-07	7	1	8
168	4.011905E-07	7	1	8
169	4.301775E-07	7	1	8
170	3.982353E-07	7	1	8
171	3.602339E-07	7	1	8
172	3.290698E-07	7	1	8
173	3.150289E-07	7	1	8
174	3.086207E-07	7	1	8
175	3.514286E-07	7	1	8
176	3.079545E-07	7	1	8
177	3.644068E-07	7	1	8
178	3.370787E-07	7	1	8
179	3.229050E-07	7	1	8
180	3.505556E-07	7	1	8
181	2.878453E-07	7	1	8
182	3.357143E-07	7	1	8
183	3.185792E-07	7	1	8
184	4.086957E-07	7	1	8
185	3.400000E-07	7	1	8
186	3.338710E-07	7	1	8
187	3.668449E-07	7	1	8
188	3.574468E-07	7	1	8
189	3.777778E-07	7	1	8
190	3.336842E-07	7	1	8
191	3.198953E-07	7	1	8
192	3.250000E-07	7	1	8
193	3.051813E-07	7	1	8
194	3.288660E-07	7	1	8
195	3.348718E-07	7	1	8
196	3.316327E-07	7	1	8
197	3.670051E-07	7	1	8
198	3.797980E-07	7	1	8
199	3.281407E-07	7	1	8
200	3.130000E-07	7	1	8
201	3.373134E-07	7	1	8
202	3.603960E-07	7	1	8
203	3.359606E-07	7	1	8
204	4.583333E-07	7	1	8
205	3.482927E-07	7	1	8
206	3.199029E-07	7	1	8
207	3.463768E-07	7	1	8
208	3.721154E-07	7	1	8
209	3.818182E-07	7	1	8
210	3.904762E-07	7	1	8
211	3.611374E-07	7	1	8
212	2.801887E-07	7	1	8
213	3.704225E-07	7	1	8
214	3.626168E-07	7	1	8
215	4.111628E-07	7	1	8
216	3.546296E-07	7	1	8
217	3.327189E-07	7	1	8
218	3.500000E-07	7	1	8
219	3.566210E-07	7	1	8
220	3.613636E-07	7	1	8
221	3.244344E-07	7	1	8
222	3.774775E-07	7	1	8
223	3.600897E-07	7	1	8
224	3.575893E-07	7	1	8
225	3.008889E-07	7	1	8
226	3.747788E-07	7	1	8
227	3.149780E-07	7	1	8
228	3.605263E-07	7	1	8
229	3.689956E-07	7	1	8
230	3.295652E-07	7	1	8
231	3.558442E-07	7	1	8
232	3.478448E-07	7	1	8
233	3.287554E-07	7	1	8
234	3.350427E-07	7	1	8
235	3.791489E-07	7	1	8
236	4.500000E-07	7	1	8
237	4.578059E-07	7	1	8
238	4.247899E-07	7	1	8
239	4.355649E-07	7	1	8
240	4.241667E-07	7	1	8
241	4.526971E-07	7	1	8
242	4.322314E-07	7	1	8
243	4.057613E-07	7	1	8
244	4.372951E-07	7	1	8
245	4.326531E-07	7	1	8
246	4.520325E-07	7	1	8
247	4.202429E-07	7	1	8
248	4.483871E-07	7	1	8
249	4.313253E-07	7	1	8
250	4.980000E-07	7	1	8
251	4.677291E-07	7	1	8
252	5.051587E-07	7	1	8
253	3.849802E-07	7	1	8
254	3.673228E-07	7	1	8
255	3.596078E-07	7	1	8
256	3.394531E-07	7	1	9
257	3.000000E-07	7	1	9
258	3.554264E-07	7	1	9
259	3.953668E-07	7	1	9
260	3.642308E-07	7	1	9
261	3.333333E-07	7	1	9
262	2.996183E-07	7	1	9
263	3.756654E-07	7	1	9
264	4.299242E-07	7	1	9
265	3.298113E-07	7	1	9
266	3.218045E-07	7	1	9
267	4.063670E-07	7	1	9
268	4.679104E-07	7	1	9
269	4.817844E-07	7	1	9
270	4.611111E-07	7	1	9
271	5.335793E-07	7	1	9
272	5.022059E-07	7	1	9
273	3.234432E-07	7	1	9
274	3.357664E-07	7	1	9
275	3.065455E-07	7	1	9
276	3.384058E-07	7	1	9
277	3.552347E-07	7	1	9
278	3.672662E-07	7	1	9
279	4.028674E-07	7	1	9
280	3.239286E-07	7	1	9
281	3.373665E-07	7	1	9
282	4.131206E-07	7	1	9
283	3.303887E-07	7	1	9
284	3.454225E-07	7	1	9
285	3.614035E-07	7	1	9
286	3.209790E-07	7	1	9
287	3.247387E-07	7	1	9
288	4.034722E-07	7	1	9
289	3.453287E-07	7	1	9
290	3.224138E-07	7	1	9
291	2.986254E-07	7	1	9
292	3.236301E-07	7	1	9
293	3.085324E-07	7	1	9
294	3.448980E-07	7	1	9
295	3.566102E-07	7	1	9
296	3.361486E-07	7	1	9
297	3.387205E-07	7	1	9
298	3.402685E-07	7	1	9
299	2.989967E-07	7	1	9
300	3.110000E-07	7	1	9
301	3.355482E-07	7	1	9
302	3.205298E-07	7	1	9
303	4.178218E-07	7	1	9
304	3.858553E-07	7	1	9
305	3.927869E-07	7	1	9
306	2.627451E-07	7	1	9
307	3.097720E-07	7	1	9
308	3.370130E-07	7	1	9
309	3.265372E-07	7	1	9
310	3.009677E-07	7	1	9
311	2.961415E-07	7	1	9
312	3.826923E-07	7	1	9
313	3.520767E-07	7	1	9
314	3.875796E-07	7	1	9
315	3.793651E-07	7	1	9
316	3.202532E-07	7	1	9
317	3.492114E-07	7	1	9
318	3.528302E-07	7	1	9
319	4.924765E-07	7	1	9
320	4.743750E-07	7	1	9
321	4.239875E-07	7	1	9
322	4.881988E-07	7	1	9
323	4.340557E-07	7	1	9
324	4.354938E-07	7	1	9
325	5.209231E-07	7	1	9
326	4.742331E-07	7	1	9
327	4.461774E-07	7	1	9
328	5.512195E-07	7	1	9
329	4.474164E-07	7	1	9
330	4.415152E-07	7	1	9
331	4.302115E-07	7	1	9
332	4.225904E-07	7	1	9
333	3.939940E-07	7	1	9
334	3.137725E-07	7	1	9
335	3.331343E-07	8	1	9
336	2.961310E-07	8	1	9
337	4.270030E-07	8	1	9
338	5.337278E-07	8	1	9
339	4.840708E-07	8	1	9
340	5.158824E-07	8	1	9
341	4.991202E-07	8	1	9
342	4.014620E-07	8	1	9
343	3.172012E-07	8	1	9
344	3.549419E-07	8	1	9
345	3.171014E-07	8	1	9
346	4.736994E-07	8	1	9
347	3.340058E-07	8	1	9
348	3.066092E-07	8	1	9
349	3.429799E-07	8	1	9
350	3.100000E-07	8	1	9
351	3.749288E-07	8	1	9
352	3.355114E-07	8	1	9
353	3.178470E-07	8	1	9
354	3.581921E-07	8	1	9
355	3.850704E-07	8	1	9
356	3.550562E-07	8	1	9
357	2.915966E-07	8	1	9
358	4.173184E-07	8	1	9
359	2.908078E-07	8	1	9
360	3.255556E-07	8	1	9
361	3.246537E-07	8	1	9
362	3.370166E-07	8	1	9
363	3.203857E-07	8	1	9
364	3.000000E-07	8	1	9
365	4.008219E-07	8	1	9
366	2.972678E-07	8	1	9
367	3.008174E-07	8	1	9
368	3.891304E-07	8	1	9
369	3.116531E-07	8	1	9
370	3.164865E-07	8	1	9
371	2.970350E-07	8	1	9
372	3.755376E-07	8	1	9
373	3.203753E-07	8	1	9
374	3.227273E-07	8	1	9
375	3.712000E-07	8	1	9
376	3.228723E-07	8	1	9
377	3.273210E-07	8	1	9
378	2.984127E-07	8	1	9
379	4.369393E-07	8	1	9
380	3.707895E-07	8	1	9
381	4.388451E-07	8	1	9
382	4.193717E-07	8	1	9
383	3.874674E-07	8	1	9
384	3.710937E-07	8	1	9
385	4.966234E-07	8	1	9
386	3.875648E-07	8	1	9
387	4.545220E-07	8	1	9
388	3.538660E-07	8	1	9
389	3.185090E-07	8	1	9
390	3.028205E-07	8	1	9
391	3.918159E-07	8	1	9
392	3.359694E-07	8	1	9
393	3.460560E-07	8	1	9
394	3.875635E-07	8	1	9
395	3.207595E-07	8	1	9
396	3.328283E-07	8	1	9
397	3.244332E-07	8	1	9
398	3.283920E-07	8	1	9
399	3.030075E-07	8	1	9
400	3.695000E-07	8	1	9
401	3.428928E-07	8	1	9
402	3.450249E-07	8	1	9
403	3.153846E-07	8	1	9
404	3.628713E-07	8	1	9
405	3.066667E-07	8	1	9
406	3.837438E-07	8	1	9
407	3.697789E-07	8	1	9
408	3.392157E-07	8	1	9
409	3.078240E-07	8	1	9
410	3.739024E-07	8	1	9
411	3.459854E-07	8	1	9
412	3.800971E-07	8	1	9
413	3.193705E-07	8	1	9
414	3.142512E-07	8	1	9
415	3.313253E-07	8	1	9
416	3.459135E-07	8	1	9
417	3.258993E-07	8	1	9
418	4.344498E-07	8	1	9
419	3.570406E-07	8	1	9
420	2.885714E-07	8	1	9
421	3.389549E-07	8	1	9
422	3.708531E-07	8	1	9
423	3.271868E-07	8	1	9
424	3.096698E-07	8	1	9
425	3.960000E-07	8	1	9
426	4.185446E-07	8	1	9
427	3.988290E-07	8	1	9
428	3.906542E-07	8	1	9
429	3.351981E-07	8	1	9
430	2.962791E-07	8	1	9
431	4.737819E-07	8	1	9
432	4.409722E-07	8	1	9
433	4.381062E-07	8	1	9
434	4.550691E-07	8	1	9
435	4.521839E-07	8	1	9
436	4.490826E-07	8	1	9
437	4.370709E-07	8	1	9
438	4.602740E-07	8	1	9
439	4.136674E-07	8	1	9
440	3.527273E-07	8	1	9
441	3.580499E-07	8	1	9
442	3.683258E-07	8	1	9
443	3.417607E-07	8	1	9
444	3.236486E-07	8	1	9
445	3.849438E-07	8	1	9
446	3.197309E-07	8	1	9
447	3.899329E-07	8	1	9
448	4.129464E-07	8	1	9
449	3.583519E-07	8	1	9
450	3.608889E-07	8	1	9
451	4.461197E-07	8	1	9
452	4.380531E-07	8	1	9
453	2.993377E-07	8	1	9
454	3.568282E-07	8	1	9
455	3.637363E-07	8	1	9
456	3.225877E-07	8	1	9
457	2.770241E-07	8	1	9
458	3.137555E-07	8	1	9
459	3.747277E-07	8	1	9
460	3.239130E-07	8	1	9
461	3.468547E-07	8	1	9
462	3.783550E-07	8	1	9
463	3.012959E-07	8	1	9
464	3.334052E-07	8	1	9
465	3.843011E-07	8	1	9
466	3.096567E-07	8	1	9
467	3.875803E-07	8	1	9
468	3.247863E-07	8	1	9
469	2.985075E-07	8	1	9
470	3.578723E-07	8	1	9
471	2.974522E-07	8	1	9
472	3.277542E-07	8	1	9
473	3.274841E-07	8	1	9
474	3.573840E-07	8	1	9
475	3.686316E-07	8	1	9
476	3.579832E-07	8	1	9
477	3.809224E-07	8	1	9
478	3.131799E-07	8	1	9
479	2.972860E-07	8	1	9
480	2.908333E-07	8	1	9
481	3.717256E-07	8	1	9
482	3.261411E-07	8	1	9
483	3.300207E-07	8	1	9
484	3.407025E-07	8	1	9
485	3.210309E-07	8	1	9
486	3.565844E-07	8	1	9
487	3.529774E-07	8	1	9
488	3.788934E-07	8	1	9
489	3.308793E-07	8	1	9
490	3.142857E-07	8	1	9
491	3.553971E-07	8	1	9
492	3.180894E-07	8	1	9
493	3.300203E-07	8	1	9
494	3.724696E-07	8	1	9
495	3.212121E-07	8	1	9
496	3.195565E-07	8	1	9
497	3.080483E-07	8	1	9
498	3.479920E-07	8	1	9
499	3.168337E-07	8	1	9
500	3.174000E-07	8	1	9
501	2.990020E-07	8	1	9
502	3.786853E-07	8	1	9
503	3.514911E-07	8	1	9
504	3.849206E-07	8	1	9
505	2.914851E-07	8	1	9
506	3.377470E-07	8	1	9
507	3.556213E-07	8	1	9
508	3.610236E-07	8	1	9
509	4.000000E-07	8	1	9
510	2.998039E-07	8	1	9
511	3.244618E-07	8	1	9
512	3.562500E-07	8	1	10
513	3.247563E-07	8	1	10
514	3.673152E-07	8	1	10
515	3.089320E-07	8	1	10
516	3.069767E-07	8	1	10
517	3.698259E-07	8	1	10
518	3.913127E-07	8	1	10
519	3.797688E-07	8	1	10
520	3.482692E-07	8	1	10
521	3.351248E-07	8	1	10
522	3.593870E-07	8	1	10
523	3.562141E-07	8	1	10
524	3.456107E-07	8	1	10
525	3.281905E-07	8	1	10
526	2.834601E-07	8	1	10
527	3.370019E-07	8	1	10
528	3.090909E-07	8	1	10
529	3.601134E-07	8	1	10
530	3.054717E-07	8	1	10
531	2.723164E-07	8	1	10
532	3.475564E-07	8	1	10
533	3.782364E-07	8	1	10
534	4.129213E-07	8	1	10
535	4.151402E-07	8	1	10
536	4.488806E-07	8	1	10
537	4.873371E-07	8	1	10
538	3.672862E-07	8	1	10
539	3.849722E-07	8	1	10
540	3.566667E-07	8	1	10
541	4.029575E-07	8	1	10
542	3.813653E-07	8	1	10
543	4.228361E-07	8	1	10
544	4.897059E-07	8	1	10
545	5.194495E-07	8	1	10
546	3.946886E-07	8	1	10
547	4.133455E-07	8	1	10
548	3.990876E-07	8	1	10
549	3.890710E-07	8	1	10
550	4.218182E-07	8	1	10
551	4.366606E-07	8	1	10
552	4.150362E-07	8	1	10
553	4.267631E-07	8	1	10
554	3.969314E-07	8	1	10
555	3.315315E-07	8	1	10
556	4.039568E-07	8	1	10
557	3.870736E-07	8	1	10
558	4.732975E-07	8	1	10
559	4.520572E-07	8	1	10
560	4.057143E-07	8	1	10
561	3.976827E-07	8	1	10
562	4.599644E-07	8	1	10
563	3.813499E-07	8	1	10
564	3.661348E-07	8	1	10
565	3.081416E-07	8	1	10
566	3.687279E-07	8	1	10
567	3.968254E-07	8	1	10
568	3.579225E-07	8	1	10
569	3.151142E-07	8	1	10
570	3.485965E-07	8	1	10
571	2.987741E-07	8	1	10
572	3.501748E-07	8	1	10
573	3.612565E-07	8	1	10
574	3.322300E-07	8	1	10
575	3.406957E-07	8	1	10
576	3.454861E-07	8	1	10
577	3.956672E-07	8	1	10
578	3.723183E-07	8	1	10
579	3.376511E-07	8	1	10
580	3.667241E-07	8	1	10
581	3.703959E-07	8	1	10
582	3.893471E-07	8	1	10
583	3.677530E-07	8	1	10
584	3.371575E-07	8	1	10
585	3.902564E-07	8	1	10
586	3.660410E-07	8	1	10
587	4.022147E-07	8	1	10
588	3.525510E-07	8	1	10
589	3.899830E-07	8	1	10
590	3.149153E-07	8	1	10
591	4.433164E-07	8	1	10
592	4.496622E-07	8	1	10
593	4.401349E-07	8	1	10
594	4.222222E-07	8	1	10
595	3.736134E-07	8	1	10
596	4.318792E-07	8	1	10
597	4.247906E-07	8	1	10
598	3.904682E-07	8	1	10
599	3.452421E-07	8	1	10
600	3.696667E-07	8	1	10
601	4.169717E-07	8	1	10
602	3.925249E-07	8	1	10
603	4.343284E-07	8	1	10
604	4.192053E-07	8	1	10
605	3.778512E-07	8	1	10
606	4.570957E-07	8	1	10
607	4.588138E-07	8	1	10
608	4.500000E-07	8	1	10
609	4.172414E-07	8	1	10
610	4.196721E-07	8	1	10
611	4.004910E-07	8	1	10
612	4.403595E-07	8	1	10
613	4.753670E-07	8	1	10
614	4.112378E-07	8	1	10
615	4.217886E-07	8	1	10
616	4.430195E-07	8	1	10
617	4.197731E-07	8	1	10
618	3.323625E-07	8	1	10
619	3.778675E-07	8	1	10
620	4.475806E-07	8	1	10
621	4.244767E-07	8	1	10
622	4.049839E-07	8	1	10
623	4.526485E-07	8	1	10
624	3.823718E-07	8	1	10
625	4.649600E-07	8	1	10
626	4.715655E-07	8	1	10
627	4.215311E-07	8	1	10
628	3.296178E-07	8	1	10
629	3.414944E-07	8	1	10
630	3.806349E-07	8	1	10
631	3.538827E-07	8	1	10
632	3.004747E-07	8	1	10
633	3.132701E-07	8	1	10
634	3.703470E-07	8	1	10
635	4.242520E-07	8	1	10
636	3.062893E-07	8	1	10
637	3.083203E-07	8	1	10
638	3.318182E-07	8	1	10
639	3.345853E-07	8	1	10
640	3.181250E-07	8	1	10
641	3.496100E-07	8	1	10
642	4.009346E-07	8	1	10
643	3.522551E-07	8	1	10
644	3.276398E-07	8	1	10
645	3.398450E-07	8	1	10
646	3.707430E-07	8	1	10
647	3.330757E-07	8	1	10
648	3.307099E-07	8	1	10
649	3.519260E-07	8	1	10
650	3.881538E-07	8	1	10
651	3.433180E-07	8	1	10
652	3.148773E-07	8	1	10
653	3.309342E-07	8	1	10
654	3.912844E-07	8	1	10
655	3.653435E-07	8	1	10
656	2.932927E-07	8	1	10
657	3.452055E-07	8	1	10
658	4.252280E-07	8	1	10
659	3.242792E-07	8	1	10
660	3.628788E-07	8	1	10
661	3.779123E-07	8	1	10
662	3.657100E-07	8	1	10
663	2.980392E-07	8	1	10
664	3.893072E-07	8	1	10
665	4.378947E-07	8	1	10
666	4.079580E-07	8	1	10
667	4.754123E-07	8	1	10
668	4.579341E-07	8	1	10
669	4.829596E-07	8	1	10
670	4.422388E-07	8	1	10
671	3.162444E-07	8	1	10
672	3.281250E-07	8	1	10
673	3.074294E-07	8	1	10
674	3.507418E-07	8	1	10
675	3.376296E-07	8	1	10
676	3.816568E-07	9	1	10
677	3.478582E-07	9	1	10
678	3.603245E-07	9	1	10
679	3.103093E-07	9	1	10
680	3.394118E-07	9	1	10
681	3.218796E-07	9	1	10
682	3.287390E-07	9	1	10
683	3.385066E-07	9	1	10
684	3.491228E-07	9	1	10
685	3.887591E-07	9	1	10
686	3.249271E-07	9	1	10
687	3.387191E-07	9	1	10
688	3.629360E-07	9	1	10
689	3.740203E-07	9	1	10
690	3.079710E-07	9	1	10
691	2.908828E-07	9	1	10
692	3.504335E-07	9	1	10
693	4.197691E-07	9	1	10
694	3.755043E-07	9	1	10
695	3.571223E-07	9	1	10
696	3.876437E-07	9	1	10
697	3.599713E-07	9	1	10
698	3.260745E-07	9	1	10
699	3.778255E-07	9	1	10
700	3.880000E-07	9	1	10
701	3.285307E-07	9	1	10
702	3.636752E-07	9	1	10
703	3.729730E-07	9	1	10
704	3.599432E-07	9	1	10
705	3.814184E-07	9	1	10
706	4.005666E-07	9	1	10
707	3.577086E-07	9	1	10
708	3.470339E-07	9	1	10
709	3.782793E-07	9	1	10
710	3.161972E-07	9	1	10
711	3.216596E-07	9	1	10
712	3.146067E-07	9	1	10
713	3.743338E-07	9	1	10
714	3.221289E-07	9	1	10
715	3.467133E-07	9	1	10
716	4.438547E-07	9	1	10
717	4.651325E-07	9	1	10
718	4.378830E-07	9	1	10
719	4.132128E-07	9	1	10
720	4.715278E-07	9	1	10
721	3.943135E-07	9	1	10
722	3.002770E-07	9	1	10
723	3.424620E-07	9	1	10
724	3.679558E-07	9	1	10
725	3.736552E-07	9	1	10
726	3.247934E-07	9	1	10
727	3.711142E-07	9	1	10
728	3.222527E-07	9	1	10
729	3.584362E-07	9	1	10
730	3.347945E-07	9	1	10
731	3.474692E-07	9	1	10
732	3.379781E-07	9	1	10
733	3.060027E-07	9	1	10
734	3.955041E-07	9	1	10
735	3.538776E-07	9	1	10
736	3.302989E-07	9	1	10
737	3.823609E-07	9	1	10
738	3.464770E-07	9	1	10
739	3.370771E-07	9	1	10
740	3.401351E-07	9	1	10
741	3.207827E-07	9	1	10
742	3.669811E-07	9	1	10
743	2.963661E-07	9	1	10
744	3.478495E-07	9	1	10
745	3.825503E-07	9	1	10
746	3.599196E-07	9	1	10
747	3.441767E-07	9	1	10
748	3.697861E-07	9	1	10
749	3.136182E-07	9	1	10
750	3.368000E-07	9	1	10
751	3.720373E-07	9	1	10
752	3.283245E-07	9	1	10
753	3.863214E-07	9	1	10
754	3.814324E-07	9	1	10
755	3.088742E-07	9	1	10
756	3.080688E-07	9	1	10
757	3.952444E-07	9	1	10
758	3.531662E-07	9	1	10
759	3.422925E-07	9	1	10
760	4.638158E-07	9	1	10
761	3.886991E-07	9	1	10
762	3.047244E-07	9	1	10
763	3.619921E-07	9	1	10
764	4.145288E-07	9	1	10
765	3.847059E-07	9	1	10
766	4.425587E-07	9	1	10
767	3.447197E-07	9	1	10
768	2.854167E-07	9	1	10
769	3.396619E-07	9	1	10
770	4.302597E-07	9	1	10
771	4.376135E-07	9	1	10
772	3.979275E-07	9	1	10
773	3.542044E-07	9	1	10
774	3.381137E-07	9	1	10
775	3.527742E-07	9	1	10
776	4.173969E-07	9	1	10
777	4.444015E-07	9	1	10
778	4.028278E-07	9	1	10
779	4.774069E-07	9	1	10
780	4.421795E-07	9	1	10
781	4.153649E-07	9	1	10
782	4.657289E-07	9	1	10
783	4.639847E-07	9	1	10
784	4.484694E-07	9	1	10
785	4.212739E-07	9	1	10
786	3.603053E-07	9	1	10
787	3.648030E-07	9	1	10
788	3.531726E-07	9	1	10
789	3.342205E-07	9	1	10
790	5.100000E-07	9	1	10
791	5.164349E-07	9	1	10
792	3.487374E-07	9	1	10
793	3.380832E-07	9	1	10
794	3.565491E-07	9	1	10
795	3.140881E-07	9	1	10
796	3.075377E-07	9	1	10
797	3.683814E-07	9	1	10
798	3.263158E-07	9	1	10
799	3.753442E-07	9	1	10
800	3.956250E-07	9	1	10
801	3.614232E-07	9	1	10
802	3.576060E-07	9	1	10
803	3.212951E-07	9	1	10
804	3.089552E-07	9	1	10
805	3.689441E-07	9	1	10
806	4.151365E-07	9	1	10
807	4.680297E-07	9	1	10
808	4.204208E-07	9	1	10
809	3.218789E-07	9	1	10
810	3.314815E-07	9	1	10
811	4.277435E-07	9	1	10
812	4.215517E-07	9	1	10
813	4.099631E-07	9	1	10
814	3.399263E-07	9	1	10
815	3.472393E-07	9	1	10
816	3.892157E-07	9	1	10
817	3.953488E-07	9	1	10
818	4.245721E-07	9	1	10
819	4.036630E-07	9	1	10
820	3.142683E-07	9	1	10
821	3.181486E-07	9	1	10
822	3.296837E-07	9	1	10
823	3.267315E-07	9	1	10
824	3.867718E-07	9	1	10
825	3.829091E-07	9	1	10
826	3.300242E-07	9	1	10
827	3.538089E-07	9	1	10
828	3.152174E-07	9	1	10
829	2.945718E-07	9	1	10
830	3.291566E-07	9	1	10
831	3.731649E-07	9	1	10
832	3.626202E-07	9	1	10
833	3.709484E-07	9	1	10
834	3.260192E-07	9	1	10
835	3.512575E-07	9	1	10
836	3.590909E-07	9	1	10
837	3.280765E-07	9	1	10
838	3.678998E-07	9	1	10
839	3.990465E-07	9	1	10
840	2.942857E-07	9	1	10
841	3.225922E-07	9	1	10
842	3.203088E-07	9	1	10
843	3.614472E-07	9	1	10
844	3.682464E-07	9	1	10
845	4.760947E-07	9	1	10
846	4.336879E-07	9	1	10
847	4.151122E-07	9	1	10
848	4.535377E-07	9	1	10
849	4.521790E-07	9	1	10
850	3.537647E-07	9	1	10
851	3.146886E-07	9	1	10
852	3.699531E-07	9	1	10
853	3.234467E-07	9	1	10
854	3.918033E-07	9	1	10
855	3.938012E-07	9	1	10
856	3.219626E-07	9	1	10
857	3.675613E-07	9	1	10
858	3.710956E-07	9	1	10
859	3.293364E-07	9	1	10
860	3.974419E-07	9	1	10
861	3.485482E-07	9	1	10
862	3.214617E-07	9	1	10
863	3.712630E-07	9	1	10
864	3.298611E-07	9	1	10
865	3.584971E-07	9	1	10
866	3.561201E-07	9	1	10
867	3.241061E-07	9	1	10
868	3.320276E-07	9	1	10
869	3.635213E-07	9	1	10
870	3.408046E-07	9	1	10
871	4.048220E-07	9	1	10
872	3.891055E-07	9	1	10
873	3.420389E-07	9	1	10
874	3.519451E-07	9	1	10
875	3.822857E-07	9	1	10
876	3.606164E-07	9	1	10
877	3.344356E-07	9	1	10
878	2.980638E-07	9	1	10
879	3.432309E-07	9	1	10
880	3.542045E-07	9	1	10
881	3.213394E-07	9	1	10
882	3.574830E-07	9	1	10
883	3.323896E-07	9	1	10
884	3.149321E-07	9	1	10
885	3.433898E-07	9	1	10
886	3.331828E-07	9	1	10
887	3.319053E-07	9	1	10
888	3.878378E-07	9	1	10
889	3.127109E-07	9	1	10
890	3.382022E-07	9	1	10
891	3.427609E-07	9	1	10
892	2.997758E-07	9	1	10
893	3.548712E-07	9	1	10
894	3.511186E-07	9	1	10
895	3.355307E-07	9	1	10
896	4.138393E-07	9	1	10
897	4.362319E-07	9	1	10
898	4.973274E-07	9	1	10
899	4.434928E-07	9	1	10
900	3.894444E-07	9	1	10
901	3.277469E-07	9	1	10
902	3.778271E-07	9	1	10
903	3.815061E-07	9	1	10
904	3.337389E-07	9	1	10
905	3.620994E-07	9	1	10
906	3.853201E-07	9	1	10
907	3.807056E-07	9	1	10
908	4.209251E-07	9	1	10
909	4.493949E-07	9	1	10
910	4.231868E-07	9	1	10
911	4.015368E-07	9	1	10
912	3.824561E-07	9	1	10
913	3.800657E-07	9	1	10
914	3.712254E-07	9	1	10
915	4.013115E-07	9	1	10
916	3.448690E-07	9	1	10
917	3.141767E-07	9	1	10
918	3.510893E-07	9	1	10
919	3.253536E-07	9	1	10
920	3.733696E-07	9	1	10
921	3.330076E-07	9	1	10
922	4.150759E-07	9	1	10
923	3.748646E-07	9	1	10
924	3.598485E-07	9	1	10
925	3.845405E-07	9	1	10
926	3.475162E-07	9	1	10
927	3.499461E-07	9	1	10
928	3.613147E-07	9	1	10
929	3.484392E-07	9	1	10
930	3.573118E-07	9	1	10
931	3.446831E-07	9	1	10
932	3.490343E-07	9	1	10
933	3.924973E-07	9	1	10
934	4.598501E-07	9	1	10
935	3.709091E-07	9	1	10
936	3.463675E-07	9	1	10
937	4.232657E-07	9	1	10
938	4.374200E-07	9	1	10
939	4.211928E-07	9	1	10
940	4.562766E-07	9	1	10
941	4.551541E-07	9	1	10
942	4.700637E-07	9	1	10
943	4.459173E-07	9	1	10
944	4.346398E-07	9	1	10
945	4.358730E-07	9	1	10
946	4.248414E-07	9	1	10
947	3.832101E-07	9	1	10
948	3.688819E-07	9	1	10
949	3.534247E-07	9	1	10
950	2.948421E-07	9	1	10
951	3.289169E-07	9	1	10
952	3.814076E-07	9	1	10
953	3.242392E-07	9	1	10
954	3.721174E-07	9	1	10
955	3.407330E-07	9	1	10
956	3.432008E-07	9	1	10
957	3.794148E-07	9	1	10
958	3.286013E-07	9	1	10
959	3.794578E-07	9	1	10
960	3.418750E-07	9	1	10
961	3.774194E-07	9	1	10
962	3.611227E-07	9	1	10
963	3.433022E-07	9	1	10
964	4.131743E-07	9	1	10
965	3.234197E-07	9	1	10
966	3.756729E-07	9	1	10
967	3.702172E-07	9	1	10
968	3.512397E-07	9	1	10
969	3.586171E-07	9	1	10
970	3.744330E-07	9	1	10
971	3.794027E-07	9	1	10
972	3.095679E-07	9	1	10
973	3.600206E-07	9	1	10
974	3.629363E-07	9	1	10
975	3.626667E-07	9	1	10
976	3.733607E-07	9	1	10
977	3.624360E-07	9	1	10
978	4.688139E-07	9	1	10
979	4.518897E-07	9	1	10
980	4.732653E-07	9	1	10
981	4.428135E-07	9	1	10
982	3.069246E-07	9	1	10
983	4.145473E-07	9	1	10
984	5.047764E-07	9	1	10
985	3.396954E-07	9	1	10
986	3.712982E-07	9	1	10
987	3.295846E-07	9	1	10
988	3.737854E-07	9	1	10
989	3.077856E-07	9	1	10
990	3.276768E-07	9	1	10
991	3.610494E-07	9	1	10
992	3.111895E-07	9	1	10
993	3.480363E-07	9	1	10
994	3.434608E-07	9	1	10
995	3.542714E-07	9	1	10
996	4.029116E-07	9	1	10
997	4.213641E-07	9	1	10
998	3.860721E-07	9	1	10
999	3.231231E-07	9	1	10
1000	3.893000E-07	9	1	10
1001	3.984016E-07	9	1	10
1002	3.749501E-07	9	1	10
1003	3.334995E-07	9	1	10
1004	3.681275E-07	9	1	10
1005	3.402985E-07	9	1	10
1006	3.031809E-07	9	1	10
1007	3.642502E-07	9	1	10
1008	4.242063E-07	9	1	10
1009	3.742319E-07	9	1	10
1010	3.118812E-07	9	1	10
1011	4.045500E-07	9	1	10
1012	4.410079E-07	9	1	10
1013	4.121422E-07	9	1	10
1014	3.015779E-07	9	1	10
1015	3.904433E-07	9	1	10
1016	4.049213E-07	9	1	10
1017	4.283186E-07	9	1	10
1018	3.154224E-07	9	1	10
1019	3.752699E-07	9	1	10
1020	4.149020E-07	9	1	10
1021	4.147894E-07	9	1	10
1022	3.826810E-07	9	1	10
1023	4.155425E-07	9	1	10
1024	4.529297E-07	9	1	11
1025	4.698537E-07	9	1	11
1026	3.735867E-07	9	1	11
1027	3.516066E-07	9	1	11
1028	4.821012E-07	9	1	11
1029	3.823129E-07	9	1	11
1030	3.722330E-07	9	1	11
1031	3.896217E-07	9	1	11
1032	3.514535E-07	9	1	11
1033	3.472410E-07	9	1	11
1034	3.684720E-07	9	1	11
1035	3.588406E-07	9	1	11
1036	3.473938E-07	9	1	11
1037	3.492768E-07	9	1	11
1038	3.749518E-07	9	1	11
1039	3.199230E-07	9	1	11
1040	3.468269E-07	9	1	11
1041	3.274736E-07	9	1	11
1042	3.768714E-07	9	1	11
1043	3.373921E-07	9	1	11
1044	3.756705E-07	9	1	11
1045	3.271770E-07	9	1	11
1046	3.480880E-07	9	1	11
1047	3.459408E-07	9	1	11
1048	3.079198E-07	9	1	11
1049	3.556721E-07	9	1	11
1050	3.127619E-07	9	1	11
1051	3.534729E-07	9	1	11
1052	3.270913E-07	9	1	11
1053	3.317189E-07	9	1	11
1054	3.717268E-07	9	1	11
1055	3.366825E-07	9	1	11
1056	3.589015E-07	9	1	11
1057	3.089877E-07	9	1	11
1058	3.785444E-07	9	1	11
1059	3.137866E-07	9	1	11
1060	3.306604E-07	9	1	11
1061	3.574929E-07	9	1	11
1062	3.411488E-07	9	1	11
1063	4.714958E-07	9	1	11
1064	4.490602E-07	9	1	11
1065	4.516432E-07	9	1	11
1066	3.673546E-07	9	1	11
1067	3.337395E-07	9	1	11
1068	4.129213E-07	9	1	11
1069	4.655753E-07	9	1	11
1070	3.502804E-07	9	1	11
1071	3.459384E-07	9	1	11
1072	3.570896E-07	9	1	11
1073	3.564772E-07	9	1	11
1074	3.604283E-07	9	1	11
1075	3.386977E-07	9	1	11
1076	3.349442E-07	9	1	11
1077	3.454968E-07	9	1	11
1078	3.756030E-07	9	1	11
1079	3.680259E-07	9	1	11
1080	3.327778E-07	9	1	11
1081	3.583719E-07	9	1	11
1082	3.863216E-07	9	1	11
1083	3.696214E-07	9	1	11
1084	3.068266E-07	9	1	11
1085	3.415668E-07	9	1	11
1086	3.201657E-07	9	1	11
1087	3.774609E-07	9	1	11
1088	3.269301E-07	9	1	11
1089	3.351699E-07	9	1	11
1090	3.416514E-07	9	1	11
1091	3.720440E-07	9	1	11
1092	4.071429E-07	9	1	11
1093	3.720952E-07	9	1	11
1094	3.504570E-07	9	1	11
1095	3.094977E-07	9	1	11
1096	3.588504E-07	9	1	11
1097	3.818596E-07	9	1	11
1098	3.866120E-07	9	1	11
1099	3.905369E-07	9	1	11
1100	3.380909E-07	9	1	11
1101	3.527702E-07	9	1	11
1102	4.476407E-07	9	1	11
1103	4.794198E-07	9	1	11
1104	4.412138E-07	9	1	11
1105	4.034389E-07	9	1	11
1106	3.130199E-07	9	1	11
1107	3.841915E-07	9	1	11
1108	4.962996E-07	9	1	11
1109	4.168620E-07	9	1	11
1110	3.638739E-07	9	1	11
1111	3.521152E-07	9	1	11
1112	3.414568E-07	9	1	11
1113	3.988320E-07	9	1	11
1114	3.654399E-07	9	1	11
1115	4.141704E-07	9	1	11
1116	3.678315E-07	9	1	11
1117	3.902417E-07	9	1	11
1118	3.061717E-07	9	1	11
1119	3.854334E-07	9	1	11
1120	3.781250E-07	9	1	11
1121	3.654773E-07	9	1	11
1122	3.364528E-07	9	1	11
1123	3.357970E-07	9	1	11
1124	3.430605E-07	9	1	11
1125	3.889778E-07	9	1	11
1126	2.907638E-07	9	1	11
1127	3.441881E-07	9	1	11
1128	3.582447E-07	9	1	11
1129	3.734278E-07	9	1	11
1130	3.361947E-07	9	1	11
1131	3.798408E-07	9	1	11
1132	3.393110E-07	9	1	11
1133	3.708738E-07	9	1	11
1134	3.231922E-07	9	1	11
1135	3.600881E-07	9	1	11
1136	3.525528E-07	9	1	11
1137	3.662269E-07	9	1	11
1138	3.101933E-07	9	1	11
1139	3.308165E-07	9	1	11
1140	3.788596E-07	9	1	11
1141	3.740578E-07	9	1	11
1142	4.619089E-07	9	1	11
1143	4.366579E-07	9	1	11
1144	4.461538E-07	9	1	11
1145	3.464629E-07	9	1	11
1146	3.754799E-07	9	1	11
1147	4.105493E-07	9	1	11
1148	4.480836E-07	9	1	11
1149	3.636205E-07	9	1	11
1150	3.798261E-07	9	1	11
1151	3.448306E-07	9	1	11
1152	3.766493E-07	9	1	11
1153	3.550737E-07	9	1	11
1154	3.813692E-07	9	1	11
1155	3.730736E-07	9	1	11
1156	3.654844E-07	9	1	11
1157	3.660328E-07	9	1	11
1158	3.791019E-07	9	1	11
1159	3.135462E-07	9	1	11
1160	3.429310E-07	9	1	11
1161	3.490956E-07	9	1	11
1162	4.074010E-07	9	1	11
1163	3.621668E-07	9	1	11
1164	3.804983E-07	9	1	11
1165	3.339056E-07	9	1	11
1166	3.572899E-07	9	1	11
1167	3.688089E-07	9	1	11
1168	3.457192E-07	9	1	11
1169	3.722840E-07	9	1	11
1170	3.476068E-07	9	1	11
1171	3.468830E-07	9	1	11
1172	4.885666E-07	9	1	11
1173	4.628303E-07	9	1	11
1174	4.524702E-07	9	1	11
1175	4.029787E-07	9	1	11
1176	3.530612E-07	9	1	11
1177	3.276126E-07	9	1	11
1178	4.297114E-07	9	1	11
1179	3.681934E-07	9	1	11
1180	3.693220E-07	9	1	11
1181	3.514818E-07	9	1	11
1182	3.553299E-07	9	1	11
1183	3.202029E-07	9	1	11
1184	3.328547E-07	9	1	11
1185	4.138397E-07	9	1	11
1186	4.205734E-07	9	1	11
1187	3.542544E-07	9	1	11
1188	3.644781E-07	9	1	11
1189	3.390244E-07	9	1	11
1190	3.676471E-07	9	1	11
1191	4.008396E-07	9	1	11
1192	3.500000E-07	9	1	11
1193	4.218776E-07	9	1	11
1194	4.327471E-07	9	1	11
1195	4.046025E-07	9	1	11
1196	3.183946E-07	9	1	11
1197	3.681704E-07	9	1	11
1198	3.552588E-07	9	1	11
1199	3.375313E-07	9	1	11
1200	3.330833E-07	9	1	11
1201	4.463780E-07	9	1	11
1202	4.137271E-07	9	1	11
1203	3.348296E-07	9	1	11
1204	4.054817E-07	9	1	11
1205	4.336929E-07	9	1	11
1206	3.466003E-07	9	1	11
1207	3.681856E-07	9	1	11
1208	4.309603E-07	9	1	11
1209	4.246485E-07	9	1	11
1210	4.695041E-07	9	1	11
1211	4.479769E-07	9	1	11
1212	4.551155E-07	9	1	11
1213	4.385820E-07	9	1	11
1214	3.253707E-07	9	1	11
1215	3.862551E-07	9	1	11
1216	3.850329E-07	9	1	11
1217	3.657354E-07	9	1	11
1218	3.035304E-07	9	1	11
1219	3.127153E-07	9	1	11
1220	3.218852E-07	9	1	11
1221	3.584767E-07	9	1	11
1222	3.559738E-07	9	1	11
1223	3.504497E-07	9	1	11
1224	3.393791E-07	9	1	11
1225	3.655510E-07	9	1	11
1226	3.077488E-07	9	1	11
1227	3.614507E-07	9	1	11
1228	3.682410E-07	9	1	11
1229	3.535395E-07	9	1	11
1230	3.178049E-07	9	1	11
1231	3.545898E-07	9	1	11
1232	3.662338E-07	9	1	11
1233	4.633414E-07	9	1	11
1234	3.752836E-07	9	1	11
1235	3.153036E-07	9	1	11
1236	3.591424E-07	9	1	11
1237	4.501213E-07	9	1	11
1238	3.888530E-07	9	1	11
1239	3.543180E-07	9	1	11
1240	4.022581E-07	9	1	11
1241	3.469782E-07	9	1	11
1242	3.413849E-07	9	1	11
1243	3.403862E-07	9	1	11
1244	3.983119E-07	9	1	11
1245	3.703614E-07	9	1	11
1246	3.601124E-07	9	1	11
1247	3.859663E-07	9	1	11
1248	4.196314E-07	9	1	11
1249	4.319456E-07	9	1	11
1250	4.406400E-07	9	1	11
1251	4.747402E-07	9	1	11
1252	4.216454E-07	9	1	11
1253	4.013567E-07	9	1	11
1254	4.071770E-07	9	1	11
1255	3.749801E-07	9	1	11
1256	3.675159E-07	9	1	11
1257	3.329356E-07	9	1	11
1258	3.521463E-07	9	1	11
1259	3.972994E-07	9	1	11
1260	3.307143E-07	9	1	11
1261	3.678826E-07	9	1	11
1262	3.432647E-07	9	1	11
1263	3.591449E-07	9	1	11
1264	3.488924E-07	9	1	11
1265	3.661660E-07	9	1	11
1266	3.534755E-07	9	1	11
1267	3.527230E-07	9	1	11
1268	2.978707E-07	9	1	11
1269	3.676123E-07	9	1	11
1270	4.063780E-07	9	1	11
1271	3.958301E-07	9	1	11
1272	3.735849E-07	9	1	11
1273	3.296151E-07	9	1	11
1274	3.229199E-07	9	1	11
1275	3.361569E-07	9	1	11
1276	3.916144E-07	9	1	11
1277	3.606891E-07	9	1	11
1278	3.633020E-07	9	1	11
1279	3.762314E-07	9	1	11
1280	3.270313E-07	9	1	11
1281	3.177986E-07	9	1	11
1282	3.388456E-07	9	1	11
1283	3.462977E-07	9	1	11
1284	3.352025E-07	9	1	11
1285	3.566537E-07	9	1	11
1286	3.864697E-07	9	1	11
1287	4.692308E-07	9	1	11
1288	4.490683E-07	9	1	11
1289	3.657099E-07	9	1	11
1290	5.016279E-07	9	1	11
1291	3.336174E-07	9	1	11
1292	3.523994E-07	9	1	11
1293	3.781903E-07	9	1	11
1294	3.757342E-07	9	1	11
1295	3.384556E-07	9	1	11
1296	3.925926E-07	9	1	11
1297	3.476484E-07	9	1	11
1298	3.348998E-07	9	1	11
1299	3.397998E-07	9	1	11
1300	4.330769E-07	9	1	11
1301	3.629516E-07	9	1	11
1302	3.248080E-07	9	1	11
1303	3.511128E-07	9	1	11
1304	3.793712E-07	9	1	11
1305	3.662069E-07	9	1	11
1306	3.744257E-07	9	1	11
1307	3.206580E-07	9	1	11
1308	3.886086E-07	9	1	11
1309	4.214668E-07	9	1	11
1310	3.409160E-07	9	1	11
1311	3.567506E-07	9	1	11
1312	3.375000E-07	9	1	11
1313	3.437167E-07	9	1	11
1314	3.782344E-07	9	1	11
1315	3.453992E-07	9	1	11
1316	4.110942E-07	9	1	11
1317	4.701595E-07	9	1	11
1318	4.774659E-07	9	1	11
1319	3.899166E-07	9	1	11
1320	3.146970E-07	9	1	11
1321	3.383043E-07	9	1	11
1322	3.641452E-07	9	1	11
1323	3.981104E-07	9	1	11
1324	3.743958E-07	9	1	11
1325	3.673962E-07	9	1	11
1326	3.519608E-07	9	1	11
1327	3.655614E-07	9	1	11
1328	4.076054E-07	9	1	11
1329	4.030850E-07	9	1	11
1330	4.048120E-07	9	1	11
1331	4.263711E-07	9	1	11
1332	3.470721E-07	9	1	11
1333	3.525131E-07	9	1	11
1334	4.456522E-07	9	1	11
1335	3.489888E-07	9	1	11
1336	3.571108E-07	9	1	11
1337	4.216904E-07	9	1	11
1338	4.035127E-07	9	1	11
1339	3.264376E-07	9	1	11
1340	4.276866E-07	9	1	11
1341	4.167785E-07	9	1	11
1342	3.400149E-07	9	1	11
1343	4.068503E-07	9	1	11
1344	4.247768E-07	9	1	11
1345	3.298885E-07	9	1	11
1346	4.008915E-07	9	1	11
1347	4.181143E-07	9	1	11
1348	3.206973E-07	9	1	11
1349	3.496664E-07	9	1	11
1350	3.691111E-07	9	1	11
1351	2.901554E-07	9	1	11
1352	3.677515E-07	9	1	11
1353	3.740576E-07	9	1	11
1354	4.870753E-07	9	1	11
1355	5.130627E-07	9	1	11
1356	4.467552E-07	9	1	11
1357	3.535741E-07	9	1	11
1358	3.831370E-07	10	1	11
1359	4.818249E-07	10	1	11
1360	3.660294E-07	10	1	11
1361	3.349008E-07	10	1	11
1362	3.617474E-07	10	1	11
1363	3.350697E-07	10	1	11
1364	3.669355E-07	10	1	11
1365	3.291575E-07	10	1	11
1366	3.519034E-07	10	1	11
1367	3.806145E-07	10	1	11
1368	3.546053E-07	10	1	11
1369	3.558802E-07	10	1	11
1370	3.424818E-07	10	1	11
1371	3.517141E-07	10	1	11
1372	3.667638E-07	10	1	11
1373	3.312454E-07	10	1	11
1374	3.481077E-07	10	1	11
1375	3.567273E-07	10	1	11
1376	3.555959E-07	10	1	11
1377	3.870007E-07	10	1	11
1378	3.262700E-07	10	1	11
1379	3.373459E-07	10	1	11
1380	3.824638E-07	10	1	11
1381	2.926865E-07	10	1	11
1382	3.560058E-07	10	1	11
1383	3.503254E-07	10	1	11
1384	3.552023E-07	10	1	11
1385	3.593502E-07	10	1	11
1386	3.579365E-07	10	1	11
1387	4.332372E-07	10	1	11
1388	4.613112E-07	10	1	11
1389	4.445644E-07	10	1	11
1390	3.948921E-07	10	1	11
1391	3.631919E-07	10	1	11
1392	4.294540E-07	10	1	11
1393	3.529792E-07	10	1	11
1394	3.653515E-07	10	1	11
1395	3.703943E-07	10	1	11
1396	4.012178E-07	10	1	11
1397	3.773085E-07	10	1	11
1398	3.315451E-07	10	1	11
1399	3.977127E-07	10	1	11
1400	3.534286E-07	10	1	11
1401	3.299072E-07	10	1	11
1402	3.869472E-07	10	1	11
1403	3.775481E-07	10	1	11
1404	3.397436E-07	10	1	11
1405	3.956584E-07	10	1	11
1406	3.776671E-07	10	1	11
1407	3.075338E-07	10	1	11
1408	3.399858E-07	10	1	11
1409	3.454223E-07	10	1	11
1410	3.672340E-07	10	1	11
1411	3.372785E-07	10	1	11
1412	3.665014E-07	10	1	11
1413	3.721161E-07	10	1	11
1414	3.364215E-07	10	1	11
1415	3.624735E-07	10	1	11
1416	3.613701E-07	10	1	11
1417	3.301341E-07	10	1	11
1418	3.619182E-07	10	1	11
1419	4.313601E-07	10	1	11
1420	4.595070E-07	10	1	11
1421	4.642505E-07	10	1	11
1422	3.452883E-07	10	1	11
1423	3.917779E-07	10	1	11
1424	3.799860E-07	10	1	11
1425	4.076491E-07	10	1	11
1426	4.106592E-07	10	1	11
1427	3.929923E-07	10	1	11
1428	4.296919E-07	10	1	11
1429	4.535339E-07	10	1	11
1430	4.123077E-07	10	1	11
1431	3.929420E-07	10	1	11
1432	3.531425E-07	10	1	11
1433	3.504536E-07	10	1	11
1434	3.372385E-07	10	1	11
1435	3.109408E-07	10	1	11
1436	3.630919E-07	10	1	11
1437	3.517745E-07	10	1	11
1438	3.671766E-07	10	1	11
1439	3.881862E-07	10	1	11
1440	3.670139E-07	10	1	11
1441	3.591256E-07	10	1	11
1442	3.324549E-07	10	1	11
1443	3.692308E-07	10	1	11
1444	3.619114E-07	10	1	11
1445	3.541176E-07	10	1	11
1446	3.505533E-07	10	1	11
1447	4.590187E-07	10	1	11
1448	4.752762E-07	10	1	11
1449	4.053830E-07	10	1	11
1450	3.402069E-07	10	1	11
1451	3.971744E-07	10	1	11
1452	4.258953E-07	10	1	11
1453	3.492774E-07	10	1	11
1454	3.553645E-07	10	1	11
1455	3.619244E-07	10	1	11
1456	3.649038E-07	10	1	11
1457	3.691146E-07	10	1	11
1458	4.121399E-07	10	1	11
1459	3.454421E-07	10	1	11
1460	3.642466E-07	10	1	11
1461	3.548939E-07	10	1	11
1462	3.333105E-07	10	1	11
1463	3.607656E-07	10	1	11
1464	4.081967E-07	10	1	11
1465	3.599317E-07	10	1	11
1466	3.093452E-07	10	1	11
1467	4.082481E-07	10	1	11
1468	4.294959E-07	10	1	11
1469	3.170184E-07	10	1	11
1470	3.780952E-07	10	1	11
1471	4.340585E-07	10	1	11
1472	3.247962E-07	10	1	11
1473	4.556008E-07	10	1	11
1474	4.531208E-07	10	1	11
1475	4.606780E-07	10	1	11
1476	4.090108E-07	10	1	11
1477	4.187542E-07	10	1	11
1478	3.244926E-07	10	1	11
1479	3.924949E-07	10	1	11
1480	3.717568E-07	10	1	11
1481	4.866307E-07	10	1	11
1482	4.746289E-07	10	1	11
1483	3.864464E-07	10	1	11
1484	3.547170E-07	10	1	11
1485	5.144781E-07	10	1	11
1486	3.555182E-07	10	1	11
1487	3.730330E-07	10	1	11
1488	3.738575E-07	10	1	11
1489	3.402955E-07	10	1	11
1490	3.897315E-07	10	1	11
1491	3.601610E-07	10	1	11
1492	3.713807E-07	10	1	11
1493	3.711989E-07	10	1	11
1494	3.920348E-07	10	1	11
1495	3.705017E-07	10	1	11
1496	3.475936E-07	10	1	11
1497	3.527722E-07	10	1	11
1498	3.291722E-07	10	1	11
1499	3.517678E-07	10	1	11
1500	3.555333E-07	10	1	11
1501	3.769487E-07	10	1	11
1502	3.018642E-07	10	1	11
1503	3.569528E-07	10	1	11
1504	3.562500E-07	10	1	11
1505	3.187375E-07	10	1	11
1506	3.602258E-07	10	1	11
1507	3.932316E-07	10	1	11
1508	4.753979E-07	10	1	11
1509	4.915838E-07	10	1	11
1510	4.305960E-07	10	1	11
1511	4.160821E-07	10	1	11
1512	4.498016E-07	10	1	11
1513	4.374752E-07	10	1	11
1514	4.511889E-07	10	1	11
1515	4.182178E-07	10	1	11
1516	4.451187E-07	10	1	11
1517	3.640079E-07	10	1	11
1518	3.721344E-07	10	1	11
1519	4.421330E-07	10	1	11
1520	3.375658E-07	10	1	11
1521	3.462853E-07	10	1	11
1522	3.828515E-07	10	1	11
1523	4.369665E-07	10	1	11
1524	3.444882E-07	10	1	11
1525	3.732459E-07	10	1	11
1526	4.154653E-07	10	1	11
1527	3.224623E-07	10	1	11
1528	3.670157E-07	10	1	11
1529	3.690647E-07	10	1	11
1530	3.394771E-07	10	1	11
1531	3.617897E-07	10	1	11
1532	3.459530E-07	10	1	11
1533	3.198304E-07	10	1	11
1534	3.421773E-07	10	1	11
1535	3.643648E-07	10	1	11
1536	3.445964E-07	10	1	11
1537	3.413793E-07	10	1	11
1538	4.737971E-07	10	1	11
1539	5.204678E-07	10	1	11
1540	3.750000E-07	10	1	11
1541	3.852693E-07	10	1	11
1542	3.931258E-07	10	1	11
1543	3.798445E-07	10	1	11
1544	3.250648E-07	10	1	11
1545	3.590291E-07	10	1	11
1546	3.179819E-07	10	1	11
1547	3.614738E-07	10	1	11
1548	3.593669E-07	10	1	11
1549	3.389283E-07	10	1	11
1550	3.629032E-07	10	1	11
1551	3.500322E-07	10	1	11
1552	3.521907E-07	10	1	11
1553	3.434643E-07	10	1	11
1554	3.361004E-07	10	1	11
1555	3.303537E-07	10	1	11
1556	3.732005E-07	10	1	11
1557	3.691715E-07	10	1	11
1558	3.826059E-07	10	1	11
1559	3.177678E-07	10	1	11
1560	3.726282E-07	10	1	11
1561	3.885971E-07	10	1	11
1562	3.599872E-07	10	1	11
1563	3.232246E-07	10	1	11
1564	3.621483E-07	10	1	11
1565	3.661342E-07	10	1	11
1566	3.139208E-07	10	1	11
1567	3.276324E-07	10	1	11
1568	3.449617E-07	10	1	11
1569	4.855959E-07	10	1	11
1570	4.612102E-07	10	1	11
1571	4.360280E-07	10	1	11
1572	3.545802E-07	10	1	11
1573	4.069294E-07	10	1	11
1574	3.855146E-07	10	1	11
1575	3.460317E-07	10	1	11
1576	3.987944E-07	10	1	11
1577	3.759670E-07	10	1	11
1578	3.385932E-07	10	1	11
1579	3.787840E-07	10	1	11
1580	3.701266E-07	10	1	11
1581	3.452878E-07	10	1	11
1582	3.620733E-07	10	1	11
1583	3.941251E-07	10	1	11
1584	3.525884E-07	10	1	11
1585	3.493375E-07	10	1	11
1586	3.610340E-07	10	1	11
1587	3.902962E-07	10	1	11
1588	3.609572E-07	10	1	11
1589	3.534298E-07	10	1	11
1590	3.795597E-07	10	1	11
1591	3.597737E-07	10	1	11
1592	3.609925E-07	10	1	11
1593	3.821092E-07	10	1	11
1594	4.770389E-07	10	1	11
1595	4.715987E-07	10	1	11
1596	3.675439E-07	10	1	11
1597	3.602379E-07	10	1	11
1598	4.091364E-07	10	1	11
1599	4.707942E-07	10	1	11
1600	3.538750E-07	10	1	11
1601	3.419738E-07	10	1	11
1602	3.515605E-07	10	1	11
1603	3.391765E-07	10	1	11
1604	3.708853E-07	10	1	11
1605	3.466667E-07	10	1	11
1606	3.710461E-07	10	1	11
1607	3.309894E-07	10	1	11
1608	3.351368E-07	10	1	11
1609	3.517091E-07	10	1	11
1610	3.502484E-07	10	1	11
1611	3.495345E-07	10	1	11
1612	3.670596E-07	10	1	11
1613	3.531928E-07	10	1	11
1614	3.596035E-07	10	1	11
1615	3.060062E-07	10	1	11
1616	4.133045E-07	10	1	11
1617	4.280148E-07	10	1	11
1618	3.271323E-07	10	1	11
1619	3.484250E-07	10	1	11
1620	3.575926E-07	10	1	11
1621	3.695250E-07	10	1	11
1622	3.611591E-07	10	1	11
1623	3.219963E-07	10	1	11
1624	3.540640E-07	10	1	11
1625	4.318154E-07	10	1	11
1626	4.665437E-07	10	1	11
1627	3.986478E-07	10	1	11
1628	3.618550E-07	10	1	11
1629	4.144260E-07	10	1	11
1630	3.824540E-07	10	1	11
1631	4.061312E-07	10	1	11
1632	3.780637E-07	10	1	11
1633	3.559094E-07	10	1	11
1634	3.315789E-07	10	1	11
1635	3.440367E-07	10	1	11
1636	3.298289E-07	10	1	11
1637	3.516188E-07	10	1	11
1638	3.306471E-07	10	1	11
1639	3.499695E-07	10	1	11
1640	3.929268E-07	10	1	11
1641	3.160268E-07	10	1	11
1642	3.652862E-07	10	1	11
1643	3.799757E-07	10	1	11
1644	3.511557E-07	10	1	11
1645	3.268085E-07	10	1	11
1646	3.325030E-07	10	1	11
1647	3.684882E-07	10	1	11
1648	3.231796E-07	10	1	11
1649	3.325652E-07	10	1	11
1650	3.463636E-07	10	1	11
1651	3.195033E-07	10	1	11
1652	3.538136E-07	10	1	11
1653	5.005445E-07	10	1	11
1654	4.879081E-07	10	1	11
1655	3.577644E-07	10	1	11
1656	4.778986E-07	10	1	11
1657	3.520217E-07	10	1	11
1658	3.677322E-07	10	1	11
1659	3.532248E-07	10	1	11
1660	3.239759E-07	10	1	11
1661	3.678507E-07	10	1	11
1662	3.652828E-07	10	1	11
1663	3.229104E-07	10	1	11
1664	3.302284E-07	10	1	11
1665	3.459459E-07	10	1	11
1666	3.498199E-07	10	1	11
1667	3.288542E-07	10	1	11
1668	3.485612E-07	10	1	11
1669	3.674056E-07	10	1	11
1670	3.577844E-07	10	1	11
1671	3.259725E-07	10	1	11
1672	3.254187E-07	10	1	11
1673	3.707113E-07	10	1	11
1674	3.264636E-07	10	1	11
1675	3.746269E-07	10	1	11
1676	3.359785E-07	10	1	11
1677	3.395945E-07	10	1	11
1678	3.600715E-07	10	1	11
1679	4.747469E-07	10	1	11
1680	4.775000E-07	10	1	11
1681	3.526472E-07	10	1	11
1682	3.397146E-07	10	1	11
1683	3.665478E-07	10	1	11
1684	3.896675E-07	10	1	11
1685	3.198220E-07	10	1	11
1686	3.429419E-07	10	1	11
1687	3.777119E-07	10	1	11
1688	3.479858E-07	10	1	11
1689	3.447602E-07	10	1	11
1690	3.518935E-07	10	1	11
1691	3.701952E-07	10	1	11
1692	3.571513E-07	10	1	11
1693	3.238039E-07	10	1	11
1694	3.554309E-07	10	1	11
1695	3.474336E-07	10	1	11
1696	3.687500E-07	10	1	11
1697	3.327048E-07	10	1	11
1698	3.482332E-07	10	1	11
1699	3.535021E-07	10	1	11
1700	3.236471E-07	10	1	11
1701	3.660788E-07	10	1	11
1702	3.274971E-07	10	1	11
1703	3.476218E-07	10	1	11
1704	3.763498E-07	10	1	11
1705	3.965396E-07	10	1	11
1706	4.565651E-07	10	1	11
1707	4.503808E-07	10	1	11
1708	3.484192E-07	10	1	11
1709	3.645992E-07	10	1	11
1710	4.071345E-07	10	1	11
1711	4.352425E-07	10	1	11
1712	4.268107E-07	10	1	11
1713	4.285464E-07	10	1	11
1714	4.064177E-07	10	1	11
1715	3.651312E-07	10	1	11
1716	3.374126E-07	10	1	11
1717	3.431567E-07	10	1	11
1718	3.586729E-07	10	1	11
1719	3.684700E-07	10	1	11
1720	3.825000E-07	10	1	11
1721	3.308542E-07	10	1	11
1722	3.572590E-07	10	1	11
1723	3.542078E-07	10	1	11
1724	3.656032E-07	10	1	11
1725	3.272464E-07	10	1	11
1726	3.647161E-07	10	1	11
1727	3.389693E-07	10	1	11
1728	3.458333E-07	10	1	11
1729	3.726431E-07	10	1	11
1730	3.768786E-07	10	1	11
1731	4.803004E-07	10	1	11
1732	4.358545E-07	10	1	11
1733	3.668205E-07	10	1	11
1734	3.750865E-07	10	1	11
1735	3.519308E-07	10	1	11
1736	4.313364E-07	10	1	11
1737	3.759355E-07	10	1	11
1738	4.246260E-07	10	1	11
1739	3.704428E-07	10	1	11
1740	4.281034E-07	10	1	11
1741	3.213096E-07	10	1	11
1742	4.396096E-07	10	1	11
1743	3.373494E-07	10	1	11
1744	3.910550E-07	10	1	11
1745	3.755301E-07	10	1	11
1746	3.920962E-07	10	1	11
1747	4.550086E-07	10	1	11
1748	3.541190E-07	10	1	11
1749	4.391081E-07	10	1	11
1750	3.357714E-07	10	1	11
1751	3.428898E-07	10	1	11
1752	3.551941E-07	10	1	11
1753	3.708500E-07	10	1	11
1754	3.405359E-07	10	1	11
1755	3.588034E-07	10	1	11
1756	3.375285E-07	10	1	11
1757	3.730791E-07	10	1	11
1758	3.755973E-07	10	1	11
1759	4.744741E-07	10	1	11
1760	3.636364E-07	10	1	11
1761	3.483248E-07	10	1	11
1762	4.224745E-07	10	1	11
1763	4.467385E-07	10	1	11
1764	4.151927E-07	10	1	11
1765	3.760907E-07	10	1	11
1766	4.237259E-07	10	1	11
1767	3.868704E-07	10	1	11
1768	3.493778E-07	10	1	11
1769	3.884115E-07	10	1	11
1770	3.850847E-07	10	1	11
1771	3.655562E-07	10	1	11
1772	3.553047E-07	10	1	11
1773	3.223914E-07	10	1	11
1774	3.873732E-07	10	1	11
1775	3.854085E-07	10	1	11
1776	3.922297E-07	10	1	11
1777	3.555993E-07	10	1	11
1778	3.621485E-07	10	1	11
1779	3.243957E-07	10	1	11
1780	3.337079E-07	10	1	11
1781	4.351488E-07	10	1	11
1782	4.497755E-07	10	1	11
1783	4.003365E-07	10	1	11
1784	3.948991E-07	10	1	11
1785	3.504202E-07	10	1	11
1786	3.627100E-07	10	1	11
1787	3.649133E-07	10	1	11
1788	3.623043E-07	10	1	11
1789	3.650084E-07	10	1	11
1790	3.589385E-07	10	1	11
1791	3.623116E-07	10	1	11
1792	3.847656E-07	10	1	11
1793	3.474066E-07	10	1	11
1794	3.725753E-07	10	1	11
1795	3.476880E-07	10	1	11
1796	3.575724E-07	10	1	11
1797	3.513634E-07	10	1	11
1798	3.556730E-07	10	1	11
1799	3.752084E-07	10	1	11
1800	3.274444E-07	10	1	11
1801	4.158801E-07	10	1	11
1802	4.410655E-07	10	1	11
1803	4.760399E-07	10	1	11
1804	3.482816E-07	10	1	11
1805	3.781717E-07	10	1	11
1806	4.310078E-07	10	1	11
1807	3.607084E-07	10	1	11
1808	3.211283E-07	10	1	11
1809	3.599779E-07	10	1	11
1810	3.356354E-07	10	1	11
1811	3.567090E-07	10	1	11
1812	3.512141E-07	10	1	11
1813	3.873690E-07	10	1	11
1814	3.867696E-07	10	1	11
1815	3.831405E-07	10	1	11
1816	3.574890E-07	10	1	11
1817	3.362686E-07	10	1	11
1818	3.655666E-07	10	1	11
1819	3.406267E-07	10	1	11
1820	3.790110E-07	10	1	11
1821	3.587589E-07	10	1	11
1822	3.389682E-07	10	1	11
1823	3.556775E-07	10	1	11
1824	3.293860E-07	10	1	11
1825	3.577534E-07	10	1	11
1826	4.778751E-07	10	1	11
1827	4.530378E-07	10	1	11
1828	3.632385E-07	10	1	11
1829	5.001640E-07	10	1	11
1830	3.925137E-07	10	1	11
1831	3.455489E-07	10	1	11
1832	3.554585E-07	10	1	11
1833	3.609384E-07	10	1	11
1834	3.681570E-07	10	1	11
1835	3.420708E-07	10	1	11
1836	3.692810E-07	10	1	11
1837	3.270550E-07	10	1	11
1838	3.406420E-07	10	1	11
1839	3.730288E-07	10	1	11
1840	3.884239E-07	10	1	11
1841	3.844650E-07	10	1	11
1842	3.945711E-07	10	1	11
1843	3.386327E-07	10	1	11
1844	3.360629E-07	10	1	11
1845	4.792412E-07	10	1	11
1846	4.298483E-07	10	1	11
1847	3.286952E-07	10	1	11
1848	5.010281E-07	10	1	11
1849	3.733910E-07	10	1	11
1850	3.444865E-07	10	1	11
1851	3.292815E-07	10	1	11
1852	3.541037E-07	10	1	11
1853	3.333513E-07	10	1	11
1854	3.620280E-07	10	1	11
1855	3.733693E-07	10	1	11
1856	3.537177E-07	10	1	11
1857	3.134087E-07	10	1	11
1858	3.398278E-07	10	1	11
1859	3.626143E-07	10	1	11
1860	3.722043E-07	10	1	11
1861	3.780226E-07	10	1	11
1862	3.310419E-07	10	1	11
1863	3.684917E-07	10	1	11
1864	3.340129E-07	10	1	11
1865	4.968901E-07	10	1	11
1866	4.300643E-07	10	1	11
1867	4.315479E-07	10	1	11
1868	3.752141E-07	10	1	11
1869	3.382022E-07	10	1	11
1870	3.522995E-07	10	1	11
1871	3.273116E-07	10	1	11
1872	3.482372E-07	10	1	11
1873	3.606514E-07	10	1	11
1874	3.612060E-07	10	1	11
1875	3.416533E-07	10	1	11
1876	3.482942E-07	10	1	11
1877	3.144912E-07	10	1	11
1878	3.558573E-07	10	1	11
1879	3.256519E-07	10	1	11
1880	3.470745E-07	10	1	11
1881	3.640085E-07	10	1	11
1882	3.885228E-07	10	1	11
1883	3.646840E-07	10	1	11
1884	3.271762E-07	10	1	11
1885	3.746419E-07	10	1	11
1886	3.204666E-07	10	1	11
1887	3.750927E-07	10	1	11
1888	4.638771E-07	10	1	11
1889	4.561673E-07	10	1	11
1890	3.520106E-07	10	1	11
1891	4.638287E-07	10	1	11
1892	4.041755E-07	10	1	11
1893	3.641838E-07	10	1	11
1894	3.567582E-07	10	1	11
1895	3.753562E-07	10	1	11
1896	3.871835E-07	10	1	11
1897	3.355825E-07	10	1	11
1898	3.461012E-07	10	1	11
1899	4.073196E-07	10	1	11
1900	3.769474E-07	10	1	11
1901	3.860600E-07	10	1	11
1902	3.445846E-07	10	1	11
1903	3.995796E-07	10	1	11
1904	3.384979E-07	10	1	11
1905	3.806299E-07	10	1	11
1906	3.473767E-07	10	1	11
1907	3.391715E-07	10	1	11
1908	3.401992E-07	10	1	11
1909	3.356207E-07	10	1	11
1910	4.191623E-07	10	1	11
1911	4.682365E-07	10	1	11
1912	3.763598E-07	10	1	11
1913	4.067433E-07	10	1	11
1914	3.715256E-07	10	1	11
1915	4.050131E-07	10	1	11
1916	3.615866E-07	10	1	11
1917	3.465310E-07	10	1	11
1918	3.593848E-07	10	1	11
1919	3.732673E-07	10	1	11
1920	3.783333E-07	10	1	11
1921	3.680375E-07	10	1	11
1922	3.361602E-07	10	1	11
1923	3.556422E-07	10	1	11
1924	3.160603E-07	10	1	11
1925	3.392208E-07	10	1	11
1926	3.419003E-07	10	1	11
1927	3.468604E-07	10	1	11
1928	3.517635E-07	10	1	11
1929	3.593053E-07	10	1	11
1930	3.978756E-07	10	1	11
1931	3.778353E-07	10	1	11
1932	4.806936E-07	10	1	11
1933	4.639938E-07	10	1	11
1934	4.327818E-07	10	1	11
1935	4.324548E-07	10	1	11
1936	4.247934E-07	10	1	11
1937	4.606092E-07	10	1	11
1938	3.936533E-07	10	1	11
1939	3.242393E-07	10	1	11
1940	3.587113E-07	10	1	11
1941	3.150438E-07	10	1	11
1942	3.552523E-07	10	1	11
1943	3.508492E-07	10	1	11
1944	3.602881E-07	10	1	11
1945	3.416452E-07	10	1	11
1946	3.791367E-07	10	1	11
1947	3.922958E-07	10	1	11
1948	3.910164E-07	10	1	11
1949	3.707029E-07	10	1	11
1950	3.283590E-07	10	1	11
1951	3.677089E-07	10	1	11
1952	3.289447E-07	10	1	11
1953	3.536098E-07	10	1	11
1954	3.555271E-07	10	1	11
1955	4.320205E-07	10	1	11
1956	3.761247E-07	10	1	11
1957	4.967297E-07	10	1	11
1958	3.396834E-07	10	1	11
1959	3.655947E-07	10	1	11
1960	4.085714E-07	10	1	11
1961	3.455380E-07	10	1	11
1962	3.404179E-07	10	1	11
1963	3.254203E-07	10	1	11
1964	3.367108E-07	10	1	11
1965	3.483969E-07	10	1	11
1966	3.442014E-07	10	1	11
1967	3.645653E-07	10	1	11
1968	3.606707E-07	10	1	11
1969	3.585576E-07	10	1	11
1970	3.717766E-07	10	1	11
1971	3.123288E-07	10	1	11
1972	3.697769E-07	10	1	11
1973	3.267106E-07	10	1	11
1974	3.715299E-07	10	1	11
1975	3.662278E-07	10	1	11
1976	3.123988E-07	10	1	11
1977	3.729894E-07	10	1	11
1978	4.688574E-07	10	1	11
1979	4.278929E-07	10	1	11
1980	3.481313E-07	10	1	11
1981	4.289248E-07	10	1	11
1982	3.373865E-07	10	1	11
1983	2.854766E-07	10	1	11
1984	3.557964E-07	10	1	11
1985	3.767254E-07	10	1	11
1986	3.781974E-07	10	1	11
1987	3.250126E-07	10	1	11
1988	3.664990E-07	10	1	11
1989	3.783811E-07	10	1	11
1990	3.517588E-07	10	1	11
1991	3.519839E-07	10	1	11
1992	3.973394E-07	10	1	11
1993	3.612644E-07	10	1	11
1994	3.810933E-07	10	1	11
1995	4.141353E-07	10	1	11
1996	3.652806E-07	10	1	11
1997	3.709564E-07	10	1	11
1998	3.467968E-07	10	1	11
1999	3.978489E-07	10	1	11
2000	4.854500E-07	10	1	11
